<?xml version="1.0" encoding="UTF-8"?>
<!-- Generated by org.testng.reporters.JUnitReportReporter -->
<testsuite hostname="DESKTOP-25JO6U9" failures="0" tests="1" name="practice.AssertPractice" time="0.021" errors="0" timestamp="2025-03-29T12:10:03 IST" skipped="0">
  <testcase classname="practice.AssertPractice" name="verify" time="0.021">
    <system-out>
      <![CDATA[failled]]>
    </system-out>
  </testcase> <!-- verify -->
  <system-out>
    <![CDATA[failled]]>
  </system-out>
</testsuite> <!-- practice.AssertPractice -->
