<?xml version="1.0" encoding="UTF-8"?>
<!-- Generated by org.testng.reporters.JUnitReportReporter -->
<testsuite hostname="DESKTOP-25JO6U9" failures="0" tests="1" name="com.comcast.crm.listenerutility.ListImplentationClass" time="0.017" errors="0" timestamp="2025-03-29T14:49:17 IST" skipped="0">
  <testcase classname="com.comcast.crm.listenerutility.ListImplentationClass" name="list" time="0.017"/>
</testsuite> <!-- com.comcast.crm.listenerutility.ListImplentationClass -->
