<?xml version="1.0" encoding="UTF-8"?>
<!-- Generated by org.testng.reporters.JUnitReportReporter -->
<testsuite hostname="DESKTOP-25JO6U9" failures="0" tests="1" name="com.comcast.com.generic.fileutility.FileUtility" time="0.014" errors="0" timestamp="2025-03-27T09:56:02 IST" skipped="0">
  <testcase classname="com.comcast.com.generic.fileutility.FileUtility" name="getData" time="0.014"/>
</testsuite> <!-- com.comcast.com.generic.fileutility.FileUtility -->
