<?xml version="1.0" encoding="UTF-8"?>
<!-- Generated by org.testng.reporters.JUnitReportReporter -->
<testsuite hostname="DESKTOP-25JO6U9" failures="0" tests="1" name="practice.ExtentReportTest" time="101352.555" errors="0" timestamp="2025-04-03T15:50:50 IST" skipped="0">
  <testcase classname="practice.ExtentReportTest" name="createContactTest" time="101352.555"/>
</testsuite> <!-- practice.ExtentReportTest -->
