<?xml version="1.0" encoding="UTF-8"?>
<!-- Generated by org.testng.reporters.JUnitReportReporter -->
<testsuite hostname="DESKTOP-25JO6U9" failures="0" tests="1" name="com.comcast.crm.orgtest.CreateOrganizationWithPhoneNumberTest" time="15.331" errors="0" timestamp="2025-04-02T06:43:20 IST" skipped="0">
  <testcase classname="com.comcast.crm.orgtest.CreateOrganizationWithPhoneNumberTest" name="createOrganizationWithPhoneNumberTest" time="15.331"/>
</testsuite> <!-- com.comcast.crm.orgtest.CreateOrganizationWithPhoneNumberTest -->
