<?xml version="1.0" encoding="UTF-8"?>
<!-- Generated by org.testng.reporters.JUnitReportReporter -->
<testsuite hostname="DESKTOP-25JO6U9" failures="0" tests="1" name="com.comcast.com.generic.webdriverutility.JavaUtility" time="0.014" errors="0" timestamp="2025-03-27T11:07:52 IST" skipped="0">
  <testcase classname="com.comcast.com.generic.webdriverutility.JavaUtility" name="getRandomNumber" time="0.014"/>
</testsuite> <!-- com.comcast.com.generic.webdriverutility.JavaUtility -->
