<?xml version="1.0" encoding="UTF-8"?>
<!-- Generated by org.testng.reporters.JUnitReportReporter -->
<testsuite hostname="DESKTOP-25JO6U9" failures="0" tests="1" name="com.comcast.crm.contacttest.CreateContactTest" time="5.131" errors="0" timestamp="2025-04-02T16:13:41 IST" skipped="0">
  <testcase classname="com.comcast.crm.contacttest.CreateContactTest" name="createContactTest" time="5.131"/>
</testsuite> <!-- com.comcast.crm.contacttest.CreateContactTest -->
